# JRE version: OpenJDK Runtime Environment (11.0.13) (build 11.0.13+0-b1751.21-8125866)
# Java VM: OpenJDK 64-Bit Server VM (11.0.13+0-b1751.21-8125866, mixed mode, tiered, compressed oops, g1 gc, windows-amd64)
Heap:
 garbage-first heap   total 296960K, used 233175K [0x00000000a0000000, 0x0000000100000000)
  region size 1024K, 17 young (17408K), 3 survivors (3072K)
 Metaspace       used 106318K, capacity 110512K, committed 110800K, reserved 1144832K
  class space    used 13553K, capacity 14921K, committed 14976K, reserved 1048576K
GC Heap History (20 events):
Event: 201.351 GC heap before
{Heap before GC invocations=124 (full 0):
 garbage-first heap   total 280576K, used 158357K [0x00000000a0000000, 0x0000000100000000)
  region size 1024K, 13 young (13312K), 3 survivors (3072K)
 Metaspace       used 105033K, capacity 108938K, committed 109136K, reserved 1144832K
  class space    used 13443K, capacity 14722K, committed 14848K, reserved 1048576K
}
Event: 201.385 GC heap after
{Heap after GC invocations=125 (full 0):
 garbage-first heap   total 280576K, used 146374K [0x00000000a0000000, 0x0000000100000000)
  region size 1024K, 1 young (1024K), 1 survivors (1024K)
 Metaspace       used 105033K, capacity 108938K, committed 109136K, reserved 1144832K
  class space    used 13443K, capacity 14722K, committed 14848K, reserved 1048576K
}
Event: 201.446 GC heap before
{Heap before GC invocations=125 (full 0):
 garbage-first heap   total 280576K, used 149446K [0x00000000a0000000, 0x0000000100000000)
  region size 1024K, 6 young (6144K), 1 survivors (1024K)
 Metaspace       used 105037K, capacity 108938K, committed 109136K, reserved 1144832K
  class space    used 13443K, capacity 14722K, committed 14848K, reserved 1048576K
}
Event: 201.453 GC heap after
{Heap after GC invocations=126 (full 0):
 garbage-first heap   total 280576K, used 146140K [0x00000000a0000000, 0x0000000100000000)
  region size 1024K, 1 young (1024K), 1 survivors (1024K)
 Metaspace       used 105037K, capacity 108938K, committed 109136K, reserved 1144832K
  class space    used 13443K, capacity 14722K, committed 14848K, reserved 1048576K
}
Event: 375.183 GC heap before
{Heap before GC invocations=127 (full 0):
 garbage-first heap   total 290816K, used 288476K [0x00000000a0000000, 0x0000000100000000)
  region size 1024K, 11 young (11264K), 1 survivors (1024K)
 Metaspace       used 105172K, capacity 109075K, committed 109392K, reserved 1144832K
  class space    used 13445K, capacity 14722K, committed 14848K, reserved 1048576K
}
Event: 375.450 GC heap after
{Heap after GC invocations=128 (full 0):
 garbage-first heap   total 291840K, used 145998K [0x00000000a0000000, 0x0000000100000000)
  region size 1024K, 1 young (1024K), 1 survivors (1024K)
 Metaspace       used 105172K, capacity 109075K, committed 109392K, reserved 1144832K
  class space    used 13445K, capacity 14722K, committed 14848K, reserved 1048576K
}
Event: 381.141 GC heap before
{Heap before GC invocations=128 (full 0):
 garbage-first heap   total 291840K, used 220750K [0x00000000a0000000, 0x0000000100000000)
  region size 1024K, 75 young (76800K), 1 survivors (1024K)
 Metaspace       used 105559K, capacity 109670K, committed 109904K, reserved 1144832K
  class space    used 13487K, capacity 14801K, committed 14848K, reserved 1048576K
}
Event: 381.269 GC heap after
{Heap after GC invocations=129 (full 0):
 garbage-first heap   total 291840K, used 155572K [0x00000000a0000000, 0x0000000100000000)
  region size 1024K, 10 young (10240K), 10 survivors (10240K)
 Metaspace       used 105559K, capacity 109670K, committed 109904K, reserved 1144832K
  class space    used 13487K, capacity 14801K, committed 14848K, reserved 1048576K
}
Event: 395.971 GC heap before
{Heap before GC invocations=130 (full 0):
 garbage-first heap   total 291840K, used 227252K [0x00000000a0000000, 0x0000000100000000)
  region size 1024K, 80 young (81920K), 10 survivors (10240K)
 Metaspace       used 105830K, capacity 109900K, committed 110160K, reserved 1144832K
  class space    used 13499K, capacity 14822K, committed 14848K, reserved 1048576K
}
Event: 396.093 GC heap after
{Heap after GC invocations=131 (full 0):
 garbage-first heap   total 291840K, used 165587K [0x00000000a0000000, 0x0000000100000000)
  region size 1024K, 10 young (10240K), 10 survivors (10240K)
 Metaspace       used 105830K, capacity 109900K, committed 110160K, reserved 1144832K
  class space    used 13499K, capacity 14822K, committed 14848K, reserved 1048576K
}
Event: 396.185 GC heap before
{Heap before GC invocations=131 (full 0):
 garbage-first heap   total 291840K, used 169683K [0x00000000a0000000, 0x0000000100000000)
  region size 1024K, 14 young (14336K), 10 survivors (10240K)
 Metaspace       used 105871K, capacity 109952K, committed 110160K, reserved 1144832K
  class space    used 13508K, capacity 14839K, committed 14848K, reserved 1048576K
}
Event: 396.246 GC heap after
{Heap after GC invocations=132 (full 0):
 garbage-first heap   total 291840K, used 166687K [0x00000000a0000000, 0x0000000100000000)
  region size 1024K, 2 young (2048K), 2 survivors (2048K)
 Metaspace       used 105871K, capacity 109952K, committed 110160K, reserved 1144832K
  class space    used 13508K, capacity 14839K, committed 14848K, reserved 1048576K
}
Event: 397.934 GC heap before
{Heap before GC invocations=132 (full 0):
 garbage-first heap   total 291840K, used 211743K [0x00000000a0000000, 0x0000000100000000)
  region size 1024K, 39 young (39936K), 2 survivors (2048K)
 Metaspace       used 105950K, capacity 110093K, committed 110160K, reserved 1144832K
  class space    used 13510K, capacity 14842K, committed 14848K, reserved 1048576K
}
Event: 397.953 GC heap after
{Heap after GC invocations=133 (full 0):
 garbage-first heap   total 291840K, used 177772K [0x00000000a0000000, 0x0000000100000000)
  region size 1024K, 4 young (4096K), 4 survivors (4096K)
 Metaspace       used 105950K, capacity 110093K, committed 110160K, reserved 1144832K
  class space    used 13510K, capacity 14842K, committed 14848K, reserved 1048576K
}
Event: 399.955 GC heap before
{Heap before GC invocations=134 (full 0):
 garbage-first heap   total 291840K, used 289388K [0x00000000a0000000, 0x0000000100000000)
  region size 1024K, 47 young (48128K), 4 survivors (4096K)
 Metaspace       used 106023K, capacity 110168K, committed 110288K, reserved 1144832K
  class space    used 13523K, capacity 14866K, committed 14976K, reserved 1048576K
}
Event: 399.970 GC heap after
{Heap after GC invocations=135 (full 0):
 garbage-first heap   total 296960K, used 233521K [0x00000000a0000000, 0x0000000100000000)
  region size 1024K, 5 young (5120K), 5 survivors (5120K)
 Metaspace       used 106023K, capacity 110168K, committed 110288K, reserved 1144832K
  class space    used 13523K, capacity 14866K, committed 14976K, reserved 1048576K
}
Event: 400.280 GC heap before
{Heap before GC invocations=135 (full 0):
 garbage-first heap   total 296960K, used 242737K [0x00000000a0000000, 0x0000000100000000)
  region size 1024K, 15 young (15360K), 5 survivors (5120K)
 Metaspace       used 106069K, capacity 110204K, committed 110544K, reserved 1144832K
  class space    used 13530K, capacity 14878K, committed 14976K, reserved 1048576K
}
Event: 400.338 GC heap after
{Heap after GC invocations=136 (full 0):
 garbage-first heap   total 296960K, used 218764K [0x00000000a0000000, 0x0000000100000000)
  region size 1024K, 1 young (1024K), 1 survivors (1024K)
 Metaspace       used 106069K, capacity 110204K, committed 110544K, reserved 1144832K
  class space    used 13530K, capacity 14878K, committed 14976K, reserved 1048576K
}
Event: 639.383 GC heap before
{Heap before GC invocations=136 (full 0):
 garbage-first heap   total 296960K, used 255628K [0x00000000a0000000, 0x0000000100000000)
  region size 1024K, 38 young (38912K), 1 survivors (1024K)
 Metaspace       used 106293K, capacity 110497K, committed 110800K, reserved 1144832K
  class space    used 13551K, capacity 14918K, committed 14976K, reserved 1048576K
}
Event: 639.596 GC heap after
{Heap after GC invocations=137 (full 0):
 garbage-first heap   total 296960K, used 220887K [0x00000000a0000000, 0x0000000100000000)
  region size 1024K, 3 young (3072K), 3 survivors (3072K)
 Metaspace       used 106293K, capacity 110497K, committed 110800K, reserved 1144832K
  class space    used 13551K, capacity 14918K, committed 14976K, reserved 1048576K
}

