# JRE version: OpenJDK Runtime Environment (11.0.13) (build 11.0.13+0-b1751.21-8125866)
# Java VM: OpenJDK 64-Bit Server VM (11.0.13+0-b1751.21-8125866, mixed mode, tiered, compressed oops, g1 gc, windows-amd64)
Heap:
 garbage-first heap   total 504832K, used 285461K [0x00000000a0000000, 0x0000000100000000)
  region size 1024K, 76 young (77824K), 3 survivors (3072K)
 Metaspace       used 159496K, capacity 165461K, committed 165760K, reserved 1191936K
  class space    used 20129K, capacity 22260K, committed 22400K, reserved 1048576K
GC Heap History (20 events):
Event: 2530.699 GC heap before
{Heap before GC invocations=184 (full 0):
 garbage-first heap   total 504832K, used 403120K [0x00000000a0000000, 0x0000000100000000)
  region size 1024K, 192 young (196608K), 3 survivors (3072K)
 Metaspace       used 157189K, capacity 162617K, committed 162816K, reserved 1189888K
  class space    used 19896K, capacity 21899K, committed 22016K, reserved 1048576K
}
Event: 2531.117 GC heap after
{Heap after GC invocations=185 (full 0):
 garbage-first heap   total 504832K, used 226343K [0x00000000a0000000, 0x0000000100000000)
  region size 1024K, 18 young (18432K), 18 survivors (18432K)
 Metaspace       used 157189K, capacity 162617K, committed 162816K, reserved 1189888K
  class space    used 19896K, capacity 21899K, committed 22016K, reserved 1048576K
}
Event: 2714.461 GC heap before
{Heap before GC invocations=185 (full 0):
 garbage-first heap   total 504832K, used 286759K [0x00000000a0000000, 0x0000000100000000)
  region size 1024K, 78 young (79872K), 18 survivors (18432K)
 Metaspace       used 157305K, capacity 162727K, committed 163072K, reserved 1189888K
  class space    used 19904K, capacity 21910K, committed 22016K, reserved 1048576K
}
Event: 2714.531 GC heap after
{Heap after GC invocations=186 (full 0):
 garbage-first heap   total 504832K, used 218462K [0x00000000a0000000, 0x0000000100000000)
  region size 1024K, 4 young (4096K), 4 survivors (4096K)
 Metaspace       used 157305K, capacity 162727K, committed 163072K, reserved 1189888K
  class space    used 19904K, capacity 21910K, committed 22016K, reserved 1048576K
}
Event: 2742.959 GC heap before
{Heap before GC invocations=186 (full 0):
 garbage-first heap   total 504832K, used 317790K [0x00000000a0000000, 0x0000000100000000)
  region size 1024K, 102 young (104448K), 4 survivors (4096K)
 Metaspace       used 157624K, capacity 163301K, committed 163328K, reserved 1189888K
  class space    used 19948K, capacity 22008K, committed 22016K, reserved 1048576K
}
Event: 2742.972 GC heap after
{Heap after GC invocations=187 (full 0):
 garbage-first heap   total 504832K, used 218215K [0x00000000a0000000, 0x0000000100000000)
  region size 1024K, 4 young (4096K), 4 survivors (4096K)
 Metaspace       used 157624K, capacity 163301K, committed 163328K, reserved 1189888K
  class space    used 19948K, capacity 22008K, committed 22016K, reserved 1048576K
}
Event: 2745.687 GC heap before
{Heap before GC invocations=187 (full 0):
 garbage-first heap   total 504832K, used 360551K [0x00000000a0000000, 0x0000000100000000)
  region size 1024K, 143 young (146432K), 4 survivors (4096K)
 Metaspace       used 158134K, capacity 164023K, committed 164352K, reserved 1191936K
  class space    used 20015K, capacity 22150K, committed 22272K, reserved 1048576K
}
Event: 2745.740 GC heap after
{Heap after GC invocations=188 (full 0):
 garbage-first heap   total 504832K, used 227525K [0x00000000a0000000, 0x0000000100000000)
  region size 1024K, 13 young (13312K), 13 survivors (13312K)
 Metaspace       used 158134K, capacity 164023K, committed 164352K, reserved 1191936K
  class space    used 20015K, capacity 22150K, committed 22272K, reserved 1048576K
}
Event: 2764.729 GC heap before
{Heap before GC invocations=188 (full 0):
 garbage-first heap   total 504832K, used 383173K [0x00000000a0000000, 0x0000000100000000)
  region size 1024K, 165 young (168960K), 13 survivors (13312K)
 Metaspace       used 158474K, capacity 164504K, committed 164608K, reserved 1191936K
  class space    used 20061K, capacity 22256K, committed 22272K, reserved 1048576K
}
Event: 2764.775 GC heap after
{Heap after GC invocations=189 (full 0):
 garbage-first heap   total 504832K, used 224811K [0x00000000a0000000, 0x0000000100000000)
  region size 1024K, 9 young (9216K), 9 survivors (9216K)
 Metaspace       used 158474K, capacity 164504K, committed 164608K, reserved 1191936K
  class space    used 20061K, capacity 22256K, committed 22272K, reserved 1048576K
}
Event: 3230.775 GC heap before
{Heap before GC invocations=189 (full 0):
 garbage-first heap   total 504832K, used 398891K [0x00000000a0000000, 0x0000000100000000)
  region size 1024K, 180 young (184320K), 9 survivors (9216K)
 Metaspace       used 159089K, capacity 165086K, committed 165248K, reserved 1191936K
  class space    used 20131K, capacity 22326K, committed 22400K, reserved 1048576K
}
Event: 3231.100 GC heap after
{Heap after GC invocations=190 (full 0):
 garbage-first heap   total 504832K, used 224306K [0x00000000a0000000, 0x0000000100000000)
  region size 1024K, 8 young (8192K), 8 survivors (8192K)
 Metaspace       used 159089K, capacity 165086K, committed 165248K, reserved 1191936K
  class space    used 20131K, capacity 22326K, committed 22400K, reserved 1048576K
}
Event: 3303.324 GC heap before
{Heap before GC invocations=191 (full 0):
 garbage-first heap   total 504832K, used 310322K [0x00000000a0000000, 0x0000000100000000)
  region size 1024K, 93 young (95232K), 8 survivors (8192K)
 Metaspace       used 159385K, capacity 165332K, committed 165760K, reserved 1191936K
  class space    used 20129K, capacity 22260K, committed 22400K, reserved 1048576K
}
Event: 3303.400 GC heap after
{Heap after GC invocations=192 (full 0):
 garbage-first heap   total 504832K, used 225220K [0x00000000a0000000, 0x0000000100000000)
  region size 1024K, 8 young (8192K), 8 survivors (8192K)
 Metaspace       used 159385K, capacity 165332K, committed 165760K, reserved 1191936K
  class space    used 20129K, capacity 22260K, committed 22400K, reserved 1048576K
}
Event: 3323.791 GC heap before
{Heap before GC invocations=192 (full 0):
 garbage-first heap   total 504832K, used 240580K [0x00000000a0000000, 0x0000000100000000)
  region size 1024K, 24 young (24576K), 8 survivors (8192K)
 Metaspace       used 159386K, capacity 165332K, committed 165760K, reserved 1191936K
  class space    used 20129K, capacity 22260K, committed 22400K, reserved 1048576K
}
Event: 3323.940 GC heap after
{Heap after GC invocations=193 (full 0):
 garbage-first heap   total 504832K, used 210184K [0x00000000a0000000, 0x0000000100000000)
  region size 1024K, 2 young (2048K), 2 survivors (2048K)
 Metaspace       used 159386K, capacity 165332K, committed 165760K, reserved 1191936K
  class space    used 20129K, capacity 22260K, committed 22400K, reserved 1048576K
}
Event: 3388.962 GC heap before
{Heap before GC invocations=193 (full 0):
 garbage-first heap   total 504832K, used 376072K [0x00000000a0000000, 0x0000000100000000)
  region size 1024K, 165 young (168960K), 2 survivors (2048K)
 Metaspace       used 159492K, capacity 165461K, committed 165760K, reserved 1191936K
  class space    used 20129K, capacity 22260K, committed 22400K, reserved 1048576K
}
Event: 3388.994 GC heap after
{Heap after GC invocations=194 (full 0):
 garbage-first heap   total 504832K, used 211023K [0x00000000a0000000, 0x0000000100000000)
  region size 1024K, 3 young (3072K), 3 survivors (3072K)
 Metaspace       used 159492K, capacity 165461K, committed 165760K, reserved 1191936K
  class space    used 20129K, capacity 22260K, committed 22400K, reserved 1048576K
}
Event: 3391.781 GC heap before
{Heap before GC invocations=194 (full 0):
 garbage-first heap   total 504832K, used 411727K [0x00000000a0000000, 0x0000000100000000)
  region size 1024K, 200 young (204800K), 3 survivors (3072K)
 Metaspace       used 159495K, capacity 165461K, committed 165760K, reserved 1191936K
  class space    used 20129K, capacity 22260K, committed 22400K, reserved 1048576K
}
Event: 3391.841 GC heap after
{Heap after GC invocations=195 (full 0):
 garbage-first heap   total 504832K, used 211733K [0x00000000a0000000, 0x0000000100000000)
  region size 1024K, 3 young (3072K), 3 survivors (3072K)
 Metaspace       used 159495K, capacity 165461K, committed 165760K, reserved 1191936K
  class space    used 20129K, capacity 22260K, committed 22400K, reserved 1048576K
}

