# JRE version: OpenJDK Runtime Environment (11.0.13) (build 11.0.13+0-b1751.21-8125866)
# Java VM: OpenJDK 64-Bit Server VM (11.0.13+0-b1751.21-8125866, mixed mode, tiered, compressed oops, g1 gc, windows-amd64)
Heap:
 garbage-first heap   total 316416K, used 294056K [0x00000000a0000000, 0x0000000100000000)
  region size 1024K, 15 young (15360K), 2 survivors (2048K)
 Metaspace       used 145258K, capacity 150750K, committed 151040K, reserved 1179648K
  class space    used 18068K, capacity 19900K, committed 19968K, reserved 1048576K
GC Heap History (20 events):
Event: 1897.315 GC heap after
{Heap after GC invocations=289 (full 0):
 garbage-first heap   total 316416K, used 270330K [0x00000000a0000000, 0x0000000100000000)
  region size 1024K, 2 young (2048K), 2 survivors (2048K)
 Metaspace       used 144507K, capacity 149996K, committed 150144K, reserved 1179648K
  class space    used 17996K, capacity 19827K, committed 19840K, reserved 1048576K
}
Event: 1898.113 GC heap before
{Heap before GC invocations=289 (full 0):
 garbage-first heap   total 316416K, used 283642K [0x00000000a0000000, 0x0000000100000000)
  region size 1024K, 15 young (15360K), 2 survivors (2048K)
 Metaspace       used 144515K, capacity 150002K, committed 150144K, reserved 1179648K
  class space    used 17997K, capacity 19828K, committed 19840K, reserved 1048576K
}
Event: 1898.128 GC heap after
{Heap after GC invocations=290 (full 0):
 garbage-first heap   total 316416K, used 272126K [0x00000000a0000000, 0x0000000100000000)
  region size 1024K, 2 young (2048K), 2 survivors (2048K)
 Metaspace       used 144515K, capacity 150002K, committed 150144K, reserved 1179648K
  class space    used 17997K, capacity 19828K, committed 19840K, reserved 1048576K
}
Event: 1899.164 GC heap before
{Heap before GC invocations=290 (full 0):
 garbage-first heap   total 316416K, used 285438K [0x00000000a0000000, 0x0000000100000000)
  region size 1024K, 15 young (15360K), 2 survivors (2048K)
 Metaspace       used 144808K, capacity 150317K, committed 150528K, reserved 1179648K
  class space    used 18025K, capacity 19864K, committed 19968K, reserved 1048576K
}
Event: 1899.178 GC heap after
{Heap after GC invocations=291 (full 0):
 garbage-first heap   total 316416K, used 273283K [0x00000000a0000000, 0x0000000100000000)
  region size 1024K, 2 young (2048K), 2 survivors (2048K)
 Metaspace       used 144808K, capacity 150317K, committed 150528K, reserved 1179648K
  class space    used 18025K, capacity 19864K, committed 19968K, reserved 1048576K
}
Event: 1899.885 GC heap before
{Heap before GC invocations=291 (full 0):
 garbage-first heap   total 316416K, used 286595K [0x00000000a0000000, 0x0000000100000000)
  region size 1024K, 15 young (15360K), 2 survivors (2048K)
 Metaspace       used 145153K, capacity 150608K, committed 150784K, reserved 1179648K
  class space    used 18064K, capacity 19897K, committed 19968K, reserved 1048576K
}
Event: 1899.899 GC heap after
{Heap after GC invocations=292 (full 0):
 garbage-first heap   total 316416K, used 274481K [0x00000000a0000000, 0x0000000100000000)
  region size 1024K, 2 young (2048K), 2 survivors (2048K)
 Metaspace       used 145153K, capacity 150608K, committed 150784K, reserved 1179648K
  class space    used 18064K, capacity 19897K, committed 19968K, reserved 1048576K
}
Event: 1900.117 GC heap before
{Heap before GC invocations=292 (full 0):
 garbage-first heap   total 316416K, used 287793K [0x00000000a0000000, 0x0000000100000000)
  region size 1024K, 15 young (15360K), 2 survivors (2048K)
 Metaspace       used 145187K, capacity 150672K, committed 150784K, reserved 1179648K
  class space    used 18065K, capacity 19897K, committed 19968K, reserved 1048576K
}
Event: 1900.127 GC heap after
{Heap after GC invocations=293 (full 0):
 garbage-first heap   total 316416K, used 275388K [0x00000000a0000000, 0x0000000100000000)
  region size 1024K, 2 young (2048K), 2 survivors (2048K)
 Metaspace       used 145187K, capacity 150672K, committed 150784K, reserved 1179648K
  class space    used 18065K, capacity 19897K, committed 19968K, reserved 1048576K
}
Event: 1900.932 GC heap before
{Heap before GC invocations=293 (full 0):
 garbage-first heap   total 316416K, used 287676K [0x00000000a0000000, 0x0000000100000000)
  region size 1024K, 15 young (15360K), 2 survivors (2048K)
 Metaspace       used 145198K, capacity 150678K, committed 150784K, reserved 1179648K
  class space    used 18067K, capacity 19898K, committed 19968K, reserved 1048576K
}
Event: 1900.974 GC heap after
{Heap after GC invocations=294 (full 0):
 garbage-first heap   total 316416K, used 276763K [0x00000000a0000000, 0x0000000100000000)
  region size 1024K, 2 young (2048K), 2 survivors (2048K)
 Metaspace       used 145198K, capacity 150678K, committed 150784K, reserved 1179648K
  class space    used 18067K, capacity 19898K, committed 19968K, reserved 1048576K
}
Event: 1901.159 GC heap before
{Heap before GC invocations=294 (full 0):
 garbage-first heap   total 316416K, used 290075K [0x00000000a0000000, 0x0000000100000000)
  region size 1024K, 15 young (15360K), 2 survivors (2048K)
 Metaspace       used 145215K, capacity 150748K, committed 151040K, reserved 1179648K
  class space    used 18068K, capacity 19900K, committed 19968K, reserved 1048576K
}
Event: 1901.190 GC heap after
{Heap after GC invocations=295 (full 0):
 garbage-first heap   total 316416K, used 277889K [0x00000000a0000000, 0x0000000100000000)
  region size 1024K, 2 young (2048K), 2 survivors (2048K)
 Metaspace       used 145215K, capacity 150748K, committed 151040K, reserved 1179648K
  class space    used 18068K, capacity 19900K, committed 19968K, reserved 1048576K
}
Event: 1901.801 GC heap before
{Heap before GC invocations=295 (full 0):
 garbage-first heap   total 316416K, used 290177K [0x00000000a0000000, 0x0000000100000000)
  region size 1024K, 15 young (15360K), 2 survivors (2048K)
 Metaspace       used 145218K, capacity 150748K, committed 151040K, reserved 1179648K
  class space    used 18068K, capacity 19900K, committed 19968K, reserved 1048576K
}
Event: 1901.811 GC heap after
{Heap after GC invocations=296 (full 0):
 garbage-first heap   total 316416K, used 278831K [0x00000000a0000000, 0x0000000100000000)
  region size 1024K, 2 young (2048K), 2 survivors (2048K)
 Metaspace       used 145218K, capacity 150748K, committed 151040K, reserved 1179648K
  class space    used 18068K, capacity 19900K, committed 19968K, reserved 1048576K
}
Event: 1901.957 GC heap before
{Heap before GC invocations=296 (full 0):
 garbage-first heap   total 316416K, used 292143K [0x00000000a0000000, 0x0000000100000000)
  region size 1024K, 15 young (15360K), 2 survivors (2048K)
 Metaspace       used 145229K, capacity 150748K, committed 151040K, reserved 1179648K
  class space    used 18068K, capacity 19900K, committed 19968K, reserved 1048576K
}
Event: 1901.965 GC heap after
{Heap after GC invocations=297 (full 0):
 garbage-first heap   total 316416K, used 279751K [0x00000000a0000000, 0x0000000100000000)
  region size 1024K, 1 young (1024K), 1 survivors (1024K)
 Metaspace       used 145229K, capacity 150748K, committed 151040K, reserved 1179648K
  class space    used 18068K, capacity 19900K, committed 19968K, reserved 1048576K
}
Event: 1902.543 GC heap before
{Heap before GC invocations=297 (full 0):
 garbage-first heap   total 316416K, used 294087K [0x00000000a0000000, 0x0000000100000000)
  region size 1024K, 15 young (15360K), 1 survivors (1024K)
 Metaspace       used 145247K, capacity 150748K, committed 151040K, reserved 1179648K
  class space    used 18068K, capacity 19900K, committed 19968K, reserved 1048576K
}
Event: 1902.587 GC heap after
{Heap after GC invocations=298 (full 0):
 garbage-first heap   total 316416K, used 280744K [0x00000000a0000000, 0x0000000100000000)
  region size 1024K, 2 young (2048K), 2 survivors (2048K)
 Metaspace       used 145247K, capacity 150748K, committed 151040K, reserved 1179648K
  class space    used 18068K, capacity 19900K, committed 19968K, reserved 1048576K
}
Event: 1902.969 GC heap before
{Heap before GC invocations=298 (full 0):
 garbage-first heap   total 316416K, used 294056K [0x00000000a0000000, 0x0000000100000000)
  region size 1024K, 15 young (15360K), 2 survivors (2048K)
 Metaspace       used 145258K, capacity 150750K, committed 151040K, reserved 1179648K
  class space    used 18068K, capacity 19900K, committed 19968K, reserved 1048576K
}

